#
# A fatal error has been detected by the Java Runtime Environment:
#
#  SIGSEGV (0xb) at pc=0x00000001075f6fbc, pid=33770, tid=0x0000000000005103
#
# JRE version: Java(TM) SE Runtime Environment (8.0_151-b12) (build 1.8.0_151-b12)
# Java VM: Java HotSpot(TM) 64-Bit Server VM (25.151-b12 mixed mode bsd-amd64 compressed oops)
# Problematic frame:
# V  [libjvm.dylib+0x1e1fbc]  ConstantPool::impl_klass_ref_index_at(int, bool)+0x52
#
# Failed to write core dump. Core dumps have been disabled. To enable core dumping, try "ulimit -c unlimited" before starting Java again
#
# If you would like to submit a bug report, please visit:
#   http://bugreport.java.com/bugreport/crash.jsp
#

---------------  T H R E A D  ---------------

Current thread (0x00007f9867832000):  VMThread [stack: 0x000070000aa3a000,0x000070000ab3a000] [id=20739]

siginfo: si_signo: 11 (SIGSEGV), si_code: 1 (SEGV_MAPERR), si_addr: 0x00000001218a92a0

Registers:
RAX=0x00000001216a92b0, RBX=0x0000000000000000, RCX=0x00000000001fffe0, RDX=0x0000000000000000
RSP=0x000070000ab396a0, RBP=0x000070000ab396c0, RSI=0x000000000000ffff, RDI=0x00000001216a8088
R8 =0x0000000000020001, R9 =0x0000000000030001, R10=0x0000000000000001, R11=0x00007f9867170140
R12=0x0000000120313380, R13=0x0000000000000000, R14=0x000000000000ffff, R15=0x00000001216a8088
RIP=0x00000001075f6fbc, EFLAGS=0x0000000000010202, ERR=0x0000000000000004
  TRAPNO=0x000000000000000e

Top of Stack: (sp=0x000070000ab396a0)
0x000070000ab396a0:   0000000108bc1f74 00000001216a8088
0x000070000ab396b0:   000000000000ffff 00007f9869116a00
0x000070000ab396c0:   000070000ab396e0 00000001075f702e
0x000070000ab396d0:   00000007c02e5bc0 0000000000000008
0x000070000ab396e0:   000070000ab397b0 0000000107867baa
0x000070000ab396f0:   0000000000000000 0000000108402020
0x000070000ab39700:   000070000ab39730 00000001078ee7bb
0x000070000ab39710:   000070000ab39768 00000001216a88e8
0x000070000ab39720:   000070000ab39750 00000001074f4a4d
0x000070000ab39730:   00000001216a88e8 000070000ab397e8
0x000070000ab39740:   000070000ab39818 00000000000000b9
0x000070000ab39750:   000070000ab39780 00000001074f4abe
0x000070000ab39760:   00000001216a88e8 00000001216a88e8
0x000070000ab39770:   00007f9867832000 000070000ab397e8
0x000070000ab39780:   000070000ab397b0 000070000ab397e8
0x000070000ab39790:   0000000120313380 0000000000000000
0x000070000ab397a0:   000070000ab39818 00000000000000b9
0x000070000ab397b0:   000070000ab39890 0000000107868b1f
0x000070000ab397c0:   0000000108bc277c 0000000000000060
0x000070000ab397d0:   0000000108bc2024 000000010600ffff
0x000070000ab397e0:   0000000108bc2040 0000000108bc2040
0x000070000ab397f0:   00000001216a88e8 00007f9867832000
0x000070000ab39800:   0000000a00000005 000000b90000001e
0x000070000ab39810:   000000b90ab30000 00000001076b543d
0x000070000ab39820:   0000000120313380 00007f9867832000
0x000070000ab39830:   0000000a00000005 000000b90000001e
0x000070000ab39840:   000000b90ab30000 0000000120313380
0x000070000ab39850:   00007f9867832000 00000001216a88e8
0x000070000ab39860:   00007f9867832000 00000001216a88e8
0x000070000ab39870:   0000000120313380 0000000000000001
0x000070000ab39880:   0000000000000002 0000000000000003
0x000070000ab39890:   000070000ab39960 00000001077b3a9c 

Instructions: (pc=0x00000001075f6fbc)
0x00000001075f6f9c:   40 00 e8 1e 66 00 00 e8 69 52 2a 00 84 db 75 19
0x00000001075f6fac:   49 8b 47 10 48 85 c0 74 10 49 63 ce 48 c1 e1 05
0x00000001075f6fbc:   48 8b 44 08 10 44 0f b7 f0 49 63 c6 41 0f b7 44
0x00000001075f6fcc:   c7 50 48 83 c4 08 5b 41 5e 41 5f 5d c3 90 55 48 

Register to memory mapping:

RAX=0x00000001216a92b0 is pointing into metadata
RBX=0x0000000000000000 is an unknown value
RCX=0x00000000001fffe0 is an unknown value
RDX=0x0000000000000000 is an unknown value
RSP=0x000070000ab396a0 is an unknown value
RBP=0x000070000ab396c0 is an unknown value
RSI=0x000000000000ffff is an unknown value
RDI=0x00000001216a8088 is pointing into metadata
R8 =0x0000000000020001 is an unknown value
R9 =0x0000000000030001 is an unknown value
R10=0x0000000000000001 is an unknown value
R11=0x00007f9867170140 is an unknown value
R12={method} {0x0000000120313380} 'update' '(Ljava/lang/Long;Lcom/myRetail/models/Product;)Lcom/myRetail/models/Product;' in 'com/myRetail/controllers/ProductsController'
R13=0x0000000000000000 is an unknown value
R14=0x000000000000ffff is an unknown value
R15=0x00000001216a8088 is pointing into metadata


Stack: [0x000070000aa3a000,0x000070000ab3a000],  sp=0x000070000ab396a0,  free space=1021k
Native frames: (J=compiled Java code, j=interpreted, Vv=VM code, C=native code)
V  [libjvm.dylib+0x1e1fbc]  ConstantPool::impl_klass_ref_index_at(int, bool)+0x52
V  [libjvm.dylib+0x1e202e]  ConstantPool::klass_ref_at_noresolve(int)+0x16
V  [libjvm.dylib+0x452baa]  MethodComparator::args_same(Bytecodes::Code, Bytecodes::Code)+0x11c
V  [libjvm.dylib+0x453b1f]  MethodComparator::methods_EMCP(Method*, Method*)+0x251
V  [libjvm.dylib+0x39ea9c]  VM_RedefineClasses::check_methods_and_mark_as_obsolete(BitMap*, int*)+0xae
V  [libjvm.dylib+0x39f033]  VM_RedefineClasses::redefine_single_class(_jclass*, Klass*, Thread*)+0x18b
V  [libjvm.dylib+0x39d372]  VM_RedefineClasses::doit()+0x110
V  [libjvm.dylib+0x5b9b29]  VM_Operation::evaluate()+0x4f
V  [libjvm.dylib+0x5b8195]  VMThread::evaluate_operation(VM_Operation*)+0xdf
V  [libjvm.dylib+0x5b85e2]  VMThread::loop()+0x328
V  [libjvm.dylib+0x5b7f01]  VMThread::run()+0x79
V  [libjvm.dylib+0x48bbb2]  java_start(Thread*)+0xf6
C  [libsystem_pthread.dylib+0x3305]  _pthread_body+0x7e
C  [libsystem_pthread.dylib+0x626f]  _pthread_start+0x46
C  [libsystem_pthread.dylib+0x2415]  thread_start+0xd

VM_Operation (0x000070000af45980): RedefineClasses, mode: safepoint, requested by thread 0x00007f986702f000


---------------  P R O C E S S  ---------------

Java Threads: ( => current thread )
  0x00007f9868bf5800 JavaThread "RMI TCP Connection(idle)" daemon [_thread_blocked, id=28931, stack(0x000070000d6be000,0x000070000d7be000)]
  0x00007f9867003000 JavaThread "DestroyJavaVM" [_thread_blocked, id=6147, stack(0x000070000a52b000,0x000070000a62b000)]
  0x00007f98684fd000 JavaThread "http-nio-8080-AsyncTimeout" daemon [_thread_blocked, id=37379, stack(0x000070000cfa9000,0x000070000d0a9000)]
  0x00007f98684fc800 JavaThread "http-nio-8080-Acceptor-0" daemon [_thread_in_native, id=37891, stack(0x000070000cea6000,0x000070000cfa6000)]
  0x00007f98684fb800 JavaThread "http-nio-8080-ClientPoller-1" daemon [_thread_in_native, id=38403, stack(0x000070000cda3000,0x000070000cea3000)]
  0x00007f98672e3800 JavaThread "http-nio-8080-ClientPoller-0" daemon [_thread_in_native, id=38659, stack(0x000070000cca0000,0x000070000cda0000)]
  0x00007f9868bc1000 JavaThread "http-nio-8080-exec-10" daemon [_thread_blocked, id=26627, stack(0x000070000cb9d000,0x000070000cc9d000)]
  0x00007f9867c42000 JavaThread "http-nio-8080-exec-9" daemon [_thread_blocked, id=26115, stack(0x000070000ca9a000,0x000070000cb9a000)]
  0x00007f98672d4000 JavaThread "http-nio-8080-exec-8" daemon [_thread_blocked, id=39171, stack(0x000070000c997000,0x000070000ca97000)]
  0x00007f9868bc0000 JavaThread "http-nio-8080-exec-7" daemon [_thread_blocked, id=39427, stack(0x000070000c894000,0x000070000c994000)]
  0x00007f9867c3e800 JavaThread "http-nio-8080-exec-6" daemon [_thread_blocked, id=39939, stack(0x000070000c791000,0x000070000c891000)]
  0x00007f98684f4800 JavaThread "http-nio-8080-exec-5" daemon [_thread_blocked, id=25347, stack(0x000070000c68e000,0x000070000c78e000)]
  0x00007f98684f3800 JavaThread "http-nio-8080-exec-4" daemon [_thread_blocked, id=24835, stack(0x000070000c58b000,0x000070000c68b000)]
  0x00007f9867c3a800 JavaThread "http-nio-8080-exec-3" daemon [_thread_blocked, id=40451, stack(0x000070000c488000,0x000070000c588000)]
  0x00007f98684e8800 JavaThread "http-nio-8080-exec-2" daemon [_thread_blocked, id=40707, stack(0x000070000c385000,0x000070000c485000)]
  0x00007f9868bec000 JavaThread "http-nio-8080-exec-1" daemon [_thread_blocked, id=24323, stack(0x000070000c282000,0x000070000c382000)]
  0x00007f98672cf800 JavaThread "NioBlockingSelector.BlockPoller-1" daemon [_thread_in_native, id=5383, stack(0x000070000c17f000,0x000070000c27f000)]
  0x00007f9868bc2800 JavaThread "CleanCursors-1-thread-1" daemon [_thread_blocked, id=24067, stack(0x000070000c07c000,0x000070000c17c000)]
  0x00007f9868bc1800 JavaThread "cluster-ClusterId{value='5c16b92901532683eaa49c2b', description='null'}-localhost:27017" daemon [_thread_blocked, id=41731, stack(0x000070000bf79000,0x000070000c079000)]
  0x00007f9867c05800 JavaThread "container-0" [_thread_blocked, id=41991, stack(0x000070000be76000,0x000070000bf76000)]
  0x00007f9868ad4800 JavaThread "ContainerBackgroundProcessor[StandardEngine[Tomcat]]" daemon [_thread_blocked, id=23047, stack(0x000070000bd73000,0x000070000be73000)]
  0x00007f98689a5800 JavaThread "JMX server connection timeout 19" daemon [_thread_blocked, id=42499, stack(0x000070000bc70000,0x000070000bd70000)]
  0x00007f98681da000 JavaThread "RMI Scheduler(0)" daemon [_thread_blocked, id=22531, stack(0x000070000ba6a000,0x000070000bb6a000)]
  0x00007f9867047000 JavaThread "RMI TCP Accept-0" daemon [_thread_in_native, id=16899, stack(0x000070000b761000,0x000070000b861000)]
  0x00007f98681e6800 JavaThread "RMI TCP Accept-65127" daemon [_thread_in_native, id=16131, stack(0x000070000b65e000,0x000070000b75e000)]
  0x00007f986707f000 JavaThread "RMI TCP Accept-0" daemon [_thread_in_native, id=15875, stack(0x000070000b55b000,0x000070000b65b000)]
  0x00007f9868018800 JavaThread "Service Thread" daemon [_thread_blocked, id=15363, stack(0x000070000b458000,0x000070000b558000)]
  0x00007f9867804000 JavaThread "C1 CompilerThread2" daemon [_thread_blocked, id=17411, stack(0x000070000b355000,0x000070000b455000)]
  0x00007f986880c000 JavaThread "C2 CompilerThread1" daemon [_thread_blocked, id=17667, stack(0x000070000b252000,0x000070000b352000)]
  0x00007f9868019800 JavaThread "C2 CompilerThread0" daemon [_thread_blocked, id=14339, stack(0x000070000b14f000,0x000070000b24f000)]
  0x00007f986880d000 JavaThread "JDWP Command Reader" daemon [_thread_in_native, id=18179, stack(0x000070000b04c000,0x000070000b14c000)]
  0x00007f9867030000 JavaThread "JDWP Event Helper Thread" daemon [_thread_blocked, id=13827, stack(0x000070000af49000,0x000070000b049000)]
  0x00007f986702f000 JavaThread "JDWP Transport Listener: dt_socket" daemon [_thread_blocked, id=18439, stack(0x000070000ae46000,0x000070000af46000)]
  0x00007f986702e800 JavaThread "Signal Dispatcher" daemon [_thread_blocked, id=13059, stack(0x000070000ad43000,0x000070000ae43000)]
  0x00007f9868802800 JavaThread "Finalizer" daemon [_thread_blocked, id=20227, stack(0x000070000ac40000,0x000070000ad40000)]
  0x00007f9867836800 JavaThread "Reference Handler" daemon [_thread_blocked, id=11523, stack(0x000070000ab3d000,0x000070000ac3d000)]

Other Threads:
=>0x00007f9867832000 VMThread [stack: 0x000070000aa3a000,0x000070000ab3a000] [id=20739]
  0x00007f986792b800 WatcherThread [stack: 0x000070000b864000,0x000070000b964000] [id=21763]

VM state:at safepoint (normal execution)

VM Mutex/Monitor currently owned by a thread:  ([mutex/lock_event])
[0x00007f9866f01550] Threads_lock - owner thread: 0x00007f9867832000

Heap:
 PSYoungGen      total 99328K, used 30542K [0x0000000795580000, 0x000000079e780000, 0x00000007c0000000)
  eden space 84480K, 25% used [0x0000000795580000,0x0000000796a3ea68,0x000000079a800000)
  from space 14848K, 62% used [0x000000079a800000,0x000000079b1150a0,0x000000079b680000)
  to   space 14848K, 0% used [0x000000079d900000,0x000000079d900000,0x000000079e780000)
 ParOldGen       total 97792K, used 19977K [0x0000000740000000, 0x0000000745f80000, 0x0000000795580000)
  object space 97792K, 20% used [0x0000000740000000,0x00000007413824b0,0x0000000745f80000)
 Metaspace       used 42204K, capacity 44784K, committed 44928K, reserved 1087488K
  class space    used 5738K, capacity 6220K, committed 6272K, reserved 1048576K

Card table byte_map: [0x000000011777c000,0x0000000117b7d000] byte_map_base: 0x0000000113d7c000

Marking Bits: (ParMarkBitMap*) 0x0000000107d085d0
 Begin Bits: [0x0000000117e28000, 0x0000000119e28000)
 End Bits:   [0x0000000119e28000, 0x000000011be28000)

Polling page: 0x00000001067fe000

CodeCache: size=245760Kb used=8203Kb max_used=8203Kb free=237556Kb
 bounds [0x00000001083bc000, 0x0000000108bcc000, 0x00000001173bc000]
 total_blobs=4476 nmethods=3985 adapters=411
 compilation: enabled

Compilation events (10 events):
Event: 374.459 Thread 0x00007f9867804000 4089       1       org.apache.catalina.valves.ValveBase::backgroundProcess (1 bytes)
Event: 374.459 Thread 0x00007f9867804000 nmethod 4089 0x0000000108ab2bd0 code [0x0000000108ab2d20, 0x0000000108ab2e30]
Event: 375.035 Thread 0x00007f9867804000 4090       1       org.bson.io.OutputBuffer::writeInt32 (42 bytes)
Event: 375.036 Thread 0x00007f9867804000 nmethod 4090 0x0000000108ab2750 code [0x0000000108ab28e0, 0x0000000108ab2ad8]
Event: 375.829 Thread 0x00007f9867804000 4091   !   1       java.util.concurrent.ScheduledThreadPoolExecutor$DelayedWorkQueue::offer (124 bytes)
Event: 375.830 Thread 0x00007f9867804000 nmethod 4091 0x0000000108bc1e10 code [0x0000000108bc2040, 0x0000000108bc2788]
Event: 385.038 Thread 0x00007f9867804000 4092       1       com.mongodb.internal.connection.ResponseBuffers::getBodyByteBuffer (10 bytes)
Event: 385.039 Thread 0x00007f9867804000 nmethod 4092 0x0000000108ab2110 code [0x0000000108ab22a0, 0x0000000108ab2578]
Event: 385.039 Thread 0x00007f9867804000 4093       1       org.bson.ByteBufNIO::asReadOnly (15 bytes)
Event: 385.039 Thread 0x00007f9867804000 nmethod 4093 0x0000000108ab1bd0 code [0x0000000108ab1d40, 0x0000000108ab1fb8]

GC Heap History (10 events):
Event: 3.213 GC heap before
{Heap before GC invocations=5 (full 1):
 PSYoungGen      total 38400K, used 33280K [0x0000000795580000, 0x000000079a080000, 0x00000007c0000000)
  eden space 33280K, 100% used [0x0000000795580000,0x0000000797600000,0x0000000797600000)
  from space 5120K, 0% used [0x0000000797600000,0x0000000797600000,0x0000000797b00000)
  to   space 5120K, 0% used [0x0000000799b80000,0x0000000799b80000,0x000000079a080000)
 ParOldGen       total 57856K, used 7615K [0x0000000740000000, 0x0000000743880000, 0x0000000795580000)
  object space 57856K, 13% used [0x0000000740000000,0x000000074076fc28,0x0000000743880000)
 Metaspace       used 22308K, capacity 23112K, committed 23168K, reserved 1069056K
  class space    used 2947K, capacity 3171K, committed 3200K, reserved 1048576K
Event: 3.237 GC heap after
Heap after GC invocations=5 (full 1):
 PSYoungGen      total 59392K, used 4350K [0x0000000795580000, 0x000000079a000000, 0x00000007c0000000)
  eden space 54784K, 0% used [0x0000000795580000,0x0000000795580000,0x0000000798b00000)
  from space 4608K, 94% used [0x0000000799b80000,0x0000000799fbfb48,0x000000079a000000)
  to   space 5120K, 0% used [0x0000000799600000,0x0000000799600000,0x0000000799b00000)
 ParOldGen       total 57856K, used 7623K [0x0000000740000000, 0x0000000743880000, 0x0000000795580000)
  object space 57856K, 13% used [0x0000000740000000,0x0000000740771c28,0x0000000743880000)
 Metaspace       used 22308K, capacity 23112K, committed 23168K, reserved 1069056K
  class space    used 2947K, capacity 3171K, committed 3200K, reserved 1048576K
}
Event: 4.004 GC heap before
{Heap before GC invocations=6 (full 1):
 PSYoungGen      total 59392K, used 59134K [0x0000000795580000, 0x000000079a000000, 0x00000007c0000000)
  eden space 54784K, 100% used [0x0000000795580000,0x0000000798b00000,0x0000000798b00000)
  from space 4608K, 94% used [0x0000000799b80000,0x0000000799fbfb48,0x000000079a000000)
  to   space 5120K, 0% used [0x0000000799600000,0x0000000799600000,0x0000000799b00000)
 ParOldGen       total 57856K, used 7623K [0x0000000740000000, 0x0000000743880000, 0x0000000795580000)
  object space 57856K, 13% used [0x0000000740000000,0x0000000740771c28,0x0000000743880000)
 Metaspace       used 27113K, capacity 28484K, committed 28544K, reserved 1073152K
  class space    used 3635K, capacity 3919K, committed 3968K, reserved 1048576K
Event: 4.021 GC heap after
Heap after GC invocations=6 (full 1):
 PSYoungGen      total 71168K, used 5092K [0x0000000795580000, 0x000000079c080000, 0x00000007c0000000)
  eden space 66048K, 0% used [0x0000000795580000,0x0000000795580000,0x0000000799600000)
  from space 5120K, 99% used [0x0000000799600000,0x0000000799af9040,0x0000000799b00000)
  to   space 10240K, 0% used [0x000000079b680000,0x000000079b680000,0x000000079c080000)
 ParOldGen       total 57856K, used 11317K [0x0000000740000000, 0x0000000743880000, 0x0000000795580000)
  object space 57856K, 19% used [0x0000000740000000,0x0000000740b0d5d8,0x0000000743880000)
 Metaspace       used 27113K, capacity 28484K, committed 28544K, reserved 1073152K
  class space    used 3635K, capacity 3919K, committed 3968K, reserved 1048576K
}
Event: 4.974 GC heap before
{Heap before GC invocations=7 (full 1):
 PSYoungGen      total 71168K, used 62911K [0x0000000795580000, 0x000000079c080000, 0x00000007c0000000)
  eden space 66048K, 87% used [0x0000000795580000,0x0000000798df6be8,0x0000000799600000)
  from space 5120K, 99% used [0x0000000799600000,0x0000000799af9040,0x0000000799b00000)
  to   space 10240K, 0% used [0x000000079b680000,0x000000079b680000,0x000000079c080000)
 ParOldGen       total 57856K, used 11317K [0x0000000740000000, 0x0000000743880000, 0x0000000795580000)
  object space 57856K, 19% used [0x0000000740000000,0x0000000740b0d5d8,0x0000000743880000)
 Metaspace       used 33918K, capacity 35440K, committed 35496K, reserved 1079296K
  class space    used 4527K, capacity 4835K, committed 4864K, reserved 1048576K
Event: 4.993 GC heap after
Heap after GC invocations=7 (full 1):
 PSYoungGen      total 94720K, used 10215K [0x0000000795580000, 0x000000079da00000, 0x00000007c0000000)
  eden space 84480K, 0% used [0x0000000795580000,0x0000000795580000,0x000000079a800000)
  from space 10240K, 99% used [0x000000079b680000,0x000000079c079e30,0x000000079c080000)
  to   space 14848K, 0% used [0x000000079a800000,0x000000079a800000,0x000000079b680000)
 ParOldGen       total 57856K, used 17005K [0x0000000740000000, 0x0000000743880000, 0x0000000795580000)
  object space 57856K, 29% used [0x0000000740000000,0x000000074109b400,0x0000000743880000)
 Metaspace       used 33918K, capacity 35440K, committed 35496K, reserved 1079296K
  class space    used 4527K, capacity 4835K, committed 4864K, reserved 1048576K
}
Event: 4.993 GC heap before
{Heap before GC invocations=8 (full 2):
 PSYoungGen      total 94720K, used 10215K [0x0000000795580000, 0x000000079da00000, 0x00000007c0000000)
  eden space 84480K, 0% used [0x0000000795580000,0x0000000795580000,0x000000079a800000)
  from space 10240K, 99% used [0x000000079b680000,0x000000079c079e30,0x000000079c080000)
  to   space 14848K, 0% used [0x000000079a800000,0x000000079a800000,0x000000079b680000)
 ParOldGen       total 57856K, used 17005K [0x0000000740000000, 0x0000000743880000, 0x0000000795580000)
  object space 57856K, 29% used [0x0000000740000000,0x000000074109b400,0x0000000743880000)
 Metaspace       used 33918K, capacity 35440K, committed 35496K, reserved 1079296K
  class space    used 4527K, capacity 4835K, committed 4864K, reserved 1048576K
Event: 5.085 GC heap after
Heap after GC invocations=8 (full 2):
 PSYoungGen      total 94720K, used 0K [0x0000000795580000, 0x000000079da00000, 0x00000007c0000000)
  eden space 84480K, 0% used [0x0000000795580000,0x0000000795580000,0x000000079a800000)
  from space 10240K, 0% used [0x000000079b680000,0x000000079b680000,0x000000079c080000)
  to   space 14848K, 0% used [0x000000079a800000,0x000000079a800000,0x000000079b680000)
 ParOldGen       total 97792K, used 19969K [0x0000000740000000, 0x0000000745f80000, 0x0000000795580000)
  object space 97792K, 20% used [0x0000000740000000,0x00000007413804b0,0x0000000745f80000)
 Metaspace       used 33918K, capacity 35440K, committed 35496K, reserved 1079296K
  class space    used 4527K, capacity 4835K, committed 4864K, reserved 1048576K
}
Event: 30.711 GC heap before
{Heap before GC invocations=9 (full 2):
 PSYoungGen      total 94720K, used 84480K [0x0000000795580000, 0x000000079da00000, 0x00000007c0000000)
  eden space 84480K, 100% used [0x0000000795580000,0x000000079a800000,0x000000079a800000)
  from space 10240K, 0% used [0x000000079b680000,0x000000079b680000,0x000000079c080000)
  to   space 14848K, 0% used [0x000000079a800000,0x000000079a800000,0x000000079b680000)
 ParOldGen       total 97792K, used 19969K [0x0000000740000000, 0x0000000745f80000, 0x0000000795580000)
  object space 97792K, 20% used [0x0000000740000000,0x00000007413804b0,0x0000000745f80000)
 Metaspace       used 40838K, capacity 43286K, committed 43392K, reserved 1087488K
  class space    used 5539K, capacity 5981K, committed 6016K, reserved 1048576K
Event: 30.731 GC heap after
Heap after GC invocations=9 (full 2):
 PSYoungGen      total 99328K, used 9300K [0x0000000795580000, 0x000000079e780000, 0x00000007c0000000)
  eden space 84480K, 0% used [0x0000000795580000,0x0000000795580000,0x000000079a800000)
  from space 14848K, 62% used [0x000000079a800000,0x000000079b1150a0,0x000000079b680000)
  to   space 14848K, 0% used [0x000000079d900000,0x000000079d900000,0x000000079e780000)
 ParOldGen       total 97792K, used 19977K [0x0000000740000000, 0x0000000745f80000, 0x0000000795580000)
  object space 97792K, 20% used [0x0000000740000000,0x00000007413824b0,0x0000000745f80000)
 Metaspace       used 40838K, capacity 43286K, committed 43392K, reserved 1087488K
  class space    used 5539K, capacity 5981K, committed 6016K, reserved 1048576K
}

Deoptimization events (0 events):
No events

Internal exceptions (10 events):
Event: 30.833 Thread 0x00007f9868bec000 Exception <a 'java/lang/ArrayIndexOutOfBoundsException'> (0x0000000795ae89f8) thrown at [/Users/java_re/workspace/8-2-build-macosx-x86_64/jdk8u151/9699/hotspot/src/share/vm/runtime/sharedRuntime.cpp, line 605]
Event: 30.833 Thread 0x00007f9868bec000 Exception <a 'java/lang/ArrayIndexOutOfBoundsException'> (0x0000000795af0230) thrown at [/Users/java_re/workspace/8-2-build-macosx-x86_64/jdk8u151/9699/hotspot/src/share/vm/runtime/sharedRuntime.cpp, line 605]
Event: 30.839 Thread 0x00007f9868bec000 Exception <a 'java/lang/NoSuchMethodError': java.lang.Object.lambda$thenComparing$36697e65$1(Ljava/util/Comparator;Ljava/lang/Object;Ljava/lang/Object;)I> (0x0000000795b62048) thrown at [/Users/java_re/workspace/8-2-build-macosx-x86_64/jdk8u151/9699/hotsp
Event: 30.854 Thread 0x00007f9868bec000 Exception <a 'java/lang/ArrayIndexOutOfBoundsException'> (0x0000000795c37a88) thrown at [/Users/java_re/workspace/8-2-build-macosx-x86_64/jdk8u151/9699/hotspot/src/share/vm/runtime/sharedRuntime.cpp, line 605]
Event: 30.855 Thread 0x00007f9868bec000 Exception <a 'java/lang/ArrayIndexOutOfBoundsException'> (0x0000000795c50358) thrown at [/Users/java_re/workspace/8-2-build-macosx-x86_64/jdk8u151/9699/hotspot/src/share/vm/runtime/sharedRuntime.cpp, line 605]
Event: 30.857 Thread 0x00007f9868bec000 Exception <a 'java/lang/ArrayIndexOutOfBoundsException'> (0x0000000795c61450) thrown at [/Users/java_re/workspace/8-2-build-macosx-x86_64/jdk8u151/9699/hotspot/src/share/vm/runtime/sharedRuntime.cpp, line 605]
Event: 68.478 Thread 0x00007f98684f3800 Exception <a 'java/lang/reflect/InvocationTargetException'> (0x0000000795fd1c50) thrown at [/Users/java_re/workspace/8-2-build-macosx-x86_64/jdk8u151/9699/hotspot/src/share/vm/runtime/reflection.cpp, line 1092]
Event: 83.606 Thread 0x00007f98684f4800 Exception <a 'java/lang/reflect/InvocationTargetException'> (0x0000000796063888) thrown at [/Users/java_re/workspace/8-2-build-macosx-x86_64/jdk8u151/9699/hotspot/src/share/vm/runtime/reflection.cpp, line 1092]
Event: 101.893 Thread 0x00007f9868bc0000 Exception <a 'java/lang/ArrayIndexOutOfBoundsException'> (0x00000007961613b8) thrown at [/Users/java_re/workspace/8-2-build-macosx-x86_64/jdk8u151/9699/hotspot/src/share/vm/runtime/sharedRuntime.cpp, line 605]
Event: 349.408 Thread 0x00007f9868bec000 Exception <a 'java/lang/reflect/InvocationTargetException'> (0x00000007964f30f0) thrown at [/Users/java_re/workspace/8-2-build-macosx-x86_64/jdk8u151/9699/hotspot/src/share/vm/runtime/reflection.cpp, line 1092]

Events (10 events):
Event: 349.417 Thread 0x00007f9867804000 flushing nmethod 0x000000010888ad90
Event: 353.328 Executing VM operation: RevokeBias
Event: 353.328 Executing VM operation: RevokeBias done
Event: 353.328 Thread 0x00007f9867804000 flushing nmethod 0x000000010890c2d0
Event: 353.329 Thread 0x00007f9867804000 flushing nmethod 0x000000010892fc50
Event: 353.329 Thread 0x00007f9867804000 flushing nmethod 0x000000010893d690
Event: 353.332 Thread 0x00007f9867804000 flushing nmethod 0x0000000108a78050
Event: 353.332 Thread 0x00007f9867804000 flushing nmethod 0x0000000108ab1bd0
Event: 353.332 Thread 0x00007f9867804000 flushing nmethod 0x0000000108ae4690
Event: 387.190 Executing VM operation: RedefineClasses


Dynamic libraries:
0x0000000002333000 	/System/Library/Frameworks/Cocoa.framework/Versions/A/Cocoa
0x0000000002333000 	/System/Library/Frameworks/Security.framework/Versions/A/Security
0x0000000002333000 	/System/Library/Frameworks/ApplicationServices.framework/Versions/A/ApplicationServices
0x0000000002333000 	/usr/lib/libz.1.dylib
0x0000000002333000 	/usr/lib/libSystem.B.dylib
0x0000000002333000 	/usr/lib/libobjc.A.dylib
0x0000000002333000 	/System/Library/Frameworks/CoreFoundation.framework/Versions/A/CoreFoundation
0x0000000002333000 	/System/Library/Frameworks/Foundation.framework/Versions/C/Foundation
0x0000000002333000 	/System/Library/Frameworks/AppKit.framework/Versions/C/AppKit
0x0000000002333000 	/System/Library/Frameworks/CoreData.framework/Versions/A/CoreData
0x0000000002333000 	/System/Library/PrivateFrameworks/RemoteViewServices.framework/Versions/A/RemoteViewServices
0x0000000002333000 	/System/Library/PrivateFrameworks/UIFoundation.framework/Versions/A/UIFoundation
0x0000000002333000 	/System/Library/PrivateFrameworks/XCTTargetBootstrap.framework/Versions/A/XCTTargetBootstrap
0x0000000002333000 	/System/Library/PrivateFrameworks/IconServices.framework/Versions/A/IconServices
0x0000000002333000 	/System/Library/Frameworks/Metal.framework/Versions/A/Metal
0x0000000002333000 	/System/Library/PrivateFrameworks/DesktopServicesPriv.framework/Versions/A/DesktopServicesPriv
0x0000000002333000 	/usr/lib/libenergytrace.dylib
0x0000000002333000 	/System/Library/PrivateFrameworks/SkyLight.framework/Versions/A/SkyLight
0x0000000002333000 	/System/Library/Frameworks/CoreGraphics.framework/Versions/A/CoreGraphics
0x0000000002333000 	/System/Library/Frameworks/Accelerate.framework/Versions/A/Accelerate
0x0000000002333000 	/System/Library/Frameworks/IOSurface.framework/Versions/A/IOSurface
0x0000000002333000 	/System/Library/PrivateFrameworks/DFRFoundation.framework/Versions/A/DFRFoundation
0x0000000002333000 	/System/Library/Frameworks/AudioToolbox.framework/Versions/A/AudioToolbox
0x0000000002333000 	/System/Library/Frameworks/AudioUnit.framework/Versions/A/AudioUnit
0x0000000002333000 	/System/Library/PrivateFrameworks/DataDetectorsCore.framework/Versions/A/DataDetectorsCore
0x0000000002333000 	/System/Library/Frameworks/Carbon.framework/Versions/A/Frameworks/HIToolbox.framework/Versions/A/HIToolbox
0x0000000002333000 	/usr/lib/libicucore.A.dylib
0x0000000002333000 	/System/Library/Frameworks/QuartzCore.framework/Versions/A/QuartzCore
0x0000000002333000 	/System/Library/Frameworks/Carbon.framework/Versions/A/Frameworks/SpeechRecognition.framework/Versions/A/SpeechRecognition
0x0000000002333000 	/usr/lib/libauto.dylib
0x0000000002333000 	/usr/lib/libxml2.2.dylib
0x0000000002333000 	/System/Library/PrivateFrameworks/CoreUI.framework/Versions/A/CoreUI
0x0000000002333000 	/System/Library/Frameworks/CoreAudio.framework/Versions/A/CoreAudio
0x0000000002333000 	/System/Library/Frameworks/DiskArbitration.framework/Versions/A/DiskArbitration
0x0000000002333000 	/usr/lib/liblangid.dylib
0x0000000002333000 	/System/Library/PrivateFrameworks/MultitouchSupport.framework/Versions/A/MultitouchSupport
0x0000000002333000 	/System/Library/Frameworks/IOKit.framework/Versions/A/IOKit
0x0000000002333000 	/usr/lib/libDiagnosticMessagesClient.dylib
0x0000000002333000 	/System/Library/Frameworks/CoreServices.framework/Versions/A/CoreServices
0x0000000002333000 	/System/Library/PrivateFrameworks/PerformanceAnalysis.framework/Versions/A/PerformanceAnalysis
0x0000000002333000 	/System/Library/Frameworks/OpenGL.framework/Versions/A/OpenGL
0x0000000002333000 	/System/Library/Frameworks/ColorSync.framework/Versions/A/ColorSync
0x0000000002333000 	/System/Library/Frameworks/CoreImage.framework/Versions/A/CoreImage
0x0000000002333000 	/System/Library/Frameworks/CoreText.framework/Versions/A/CoreText
0x0000000002333000 	/System/Library/Frameworks/ImageIO.framework/Versions/A/ImageIO
0x0000000002333000 	/System/Library/PrivateFrameworks/Backup.framework/Versions/A/Backup
0x0000000002333000 	/usr/lib/libarchive.2.dylib
0x0000000002333000 	/System/Library/Frameworks/CFNetwork.framework/Versions/A/CFNetwork
0x0000000002333000 	/System/Library/Frameworks/SystemConfiguration.framework/Versions/A/SystemConfiguration
0x0000000002333000 	/usr/lib/libCRFSuite.dylib
0x0000000002333000 	/usr/lib/libc++.1.dylib
0x0000000002333000 	/usr/lib/libc++abi.dylib
0x0000000002333000 	/usr/lib/system/libcache.dylib
0x0000000002333000 	/usr/lib/system/libcommonCrypto.dylib
0x0000000002333000 	/usr/lib/system/libcompiler_rt.dylib
0x0000000002333000 	/usr/lib/system/libcopyfile.dylib
0x0000000002333000 	/usr/lib/system/libcorecrypto.dylib
0x0000000002333000 	/usr/lib/system/libdispatch.dylib
0x0000000002333000 	/usr/lib/system/libdyld.dylib
0x0000000002333000 	/usr/lib/system/libkeymgr.dylib
0x0000000002333000 	/usr/lib/system/liblaunch.dylib
0x0000000002333000 	/usr/lib/system/libmacho.dylib
0x0000000002333000 	/usr/lib/system/libquarantine.dylib
0x0000000002333000 	/usr/lib/system/libremovefile.dylib
0x0000000002333000 	/usr/lib/system/libsystem_asl.dylib
0x0000000002333000 	/usr/lib/system/libsystem_blocks.dylib
0x0000000002333000 	/usr/lib/system/libsystem_c.dylib
0x0000000002333000 	/usr/lib/system/libsystem_configuration.dylib
0x0000000002333000 	/usr/lib/system/libsystem_coreservices.dylib
0x0000000002333000 	/usr/lib/system/libsystem_darwin.dylib
0x0000000002333000 	/usr/lib/system/libsystem_dnssd.dylib
0x0000000002333000 	/usr/lib/system/libsystem_info.dylib
0x0000000002333000 	/usr/lib/system/libsystem_m.dylib
0x0000000002333000 	/usr/lib/system/libsystem_malloc.dylib
0x0000000002333000 	/usr/lib/system/libsystem_networkextension.dylib
0x0000000002333000 	/usr/lib/system/libsystem_notify.dylib
0x0000000002333000 	/usr/lib/system/libsystem_sandbox.dylib
0x0000000002333000 	/usr/lib/system/libsystem_secinit.dylib
0x0000000002333000 	/usr/lib/system/libsystem_kernel.dylib
0x0000000002333000 	/usr/lib/system/libsystem_platform.dylib
0x0000000002333000 	/usr/lib/system/libsystem_pthread.dylib
0x0000000002333000 	/usr/lib/system/libsystem_symptoms.dylib
0x0000000002333000 	/usr/lib/system/libsystem_trace.dylib
0x0000000002333000 	/usr/lib/system/libunwind.dylib
0x0000000002333000 	/usr/lib/system/libxpc.dylib
0x0000000002333000 	/usr/lib/libbsm.0.dylib
0x0000000002333000 	/usr/lib/system/libkxld.dylib
0x0000000002333000 	/System/Library/PrivateFrameworks/AppleFSCompression.framework/Versions/A/AppleFSCompression
0x0000000002333000 	/usr/lib/libOpenScriptingUtil.dylib
0x0000000002333000 	/usr/lib/libcoretls.dylib
0x0000000002333000 	/usr/lib/libcoretls_cfhelpers.dylib
0x0000000002333000 	/usr/lib/libpam.2.dylib
0x0000000002333000 	/usr/lib/libsqlite3.dylib
0x0000000002333000 	/usr/lib/libxar.1.dylib
0x0000000002333000 	/usr/lib/libbz2.1.0.dylib
0x0000000002333000 	/usr/lib/liblzma.5.dylib
0x0000000002333000 	/usr/lib/libnetwork.dylib
0x0000000002333000 	/usr/lib/libapple_nghttp2.dylib
0x0000000002333000 	/usr/lib/libpcap.A.dylib
0x0000000002333000 	/System/Library/Frameworks/CoreServices.framework/Versions/A/Frameworks/FSEvents.framework/Versions/A/FSEvents
0x0000000002333000 	/System/Library/Frameworks/CoreServices.framework/Versions/A/Frameworks/CarbonCore.framework/Versions/A/CarbonCore
0x0000000002333000 	/System/Library/Frameworks/CoreServices.framework/Versions/A/Frameworks/Metadata.framework/Versions/A/Metadata
0x0000000002333000 	/System/Library/Frameworks/CoreServices.framework/Versions/A/Frameworks/OSServices.framework/Versions/A/OSServices
0x0000000002333000 	/System/Library/Frameworks/CoreServices.framework/Versions/A/Frameworks/SearchKit.framework/Versions/A/SearchKit
0x0000000002333000 	/System/Library/Frameworks/CoreServices.framework/Versions/A/Frameworks/AE.framework/Versions/A/AE
0x0000000002333000 	/System/Library/Frameworks/CoreServices.framework/Versions/A/Frameworks/LaunchServices.framework/Versions/A/LaunchServices
0x0000000002333000 	/System/Library/Frameworks/CoreServices.framework/Versions/A/Frameworks/DictionaryServices.framework/Versions/A/DictionaryServices
0x0000000002333000 	/System/Library/Frameworks/CoreServices.framework/Versions/A/Frameworks/SharedFileList.framework/Versions/A/SharedFileList
0x0000000002333000 	/System/Library/Frameworks/NetFS.framework/Versions/A/NetFS
0x0000000002333000 	/System/Library/PrivateFrameworks/NetAuth.framework/Versions/A/NetAuth
0x0000000002333000 	/System/Library/PrivateFrameworks/login.framework/Versions/A/Frameworks/loginsupport.framework/Versions/A/loginsupport
0x0000000002333000 	/System/Library/PrivateFrameworks/TCC.framework/Versions/A/TCC
0x0000000002333000 	/System/Library/PrivateFrameworks/CoreNLP.framework/Versions/A/CoreNLP
0x0000000002333000 	/System/Library/PrivateFrameworks/MetadataUtilities.framework/Versions/A/MetadataUtilities
0x0000000002333000 	/usr/lib/libmecabra.dylib
0x0000000002333000 	/System/Library/Frameworks/ApplicationServices.framework/Versions/A/Frameworks/ATS.framework/Versions/A/ATS
0x0000000002333000 	/System/Library/Frameworks/ApplicationServices.framework/Versions/A/Frameworks/ColorSyncLegacy.framework/Versions/A/ColorSyncLegacy
0x0000000002333000 	/System/Library/Frameworks/ApplicationServices.framework/Versions/A/Frameworks/HIServices.framework/Versions/A/HIServices
0x0000000002333000 	/System/Library/Frameworks/ApplicationServices.framework/Versions/A/Frameworks/LangAnalysis.framework/Versions/A/LangAnalysis
0x0000000002333000 	/System/Library/Frameworks/ApplicationServices.framework/Versions/A/Frameworks/PrintCore.framework/Versions/A/PrintCore
0x0000000002333000 	/System/Library/Frameworks/ApplicationServices.framework/Versions/A/Frameworks/QD.framework/Versions/A/QD
0x0000000002333000 	/System/Library/Frameworks/ApplicationServices.framework/Versions/A/Frameworks/SpeechSynthesis.framework/Versions/A/SpeechSynthesis
0x0000000002333000 	/usr/lib/libcompression.dylib
0x0000000002333000 	/System/Library/Frameworks/CoreDisplay.framework/Versions/A/CoreDisplay
0x0000000002333000 	/System/Library/Frameworks/MetalPerformanceShaders.framework/Versions/A/MetalPerformanceShaders
0x0000000002333000 	/System/Library/Frameworks/Accelerate.framework/Versions/A/Frameworks/vImage.framework/Versions/A/vImage
0x0000000002333000 	/System/Library/Frameworks/Accelerate.framework/Versions/A/Frameworks/vecLib.framework/Versions/A/vecLib
0x0000000002333000 	/System/Library/Frameworks/Accelerate.framework/Versions/A/Frameworks/vecLib.framework/Versions/A/libvMisc.dylib
0x0000000002333000 	/System/Library/Frameworks/Accelerate.framework/Versions/A/Frameworks/vecLib.framework/Versions/A/libvDSP.dylib
0x0000000002333000 	/System/Library/Frameworks/Accelerate.framework/Versions/A/Frameworks/vecLib.framework/Versions/A/libBLAS.dylib
0x0000000002333000 	/System/Library/Frameworks/Accelerate.framework/Versions/A/Frameworks/vecLib.framework/Versions/A/libLAPACK.dylib
0x0000000002333000 	/System/Library/Frameworks/Accelerate.framework/Versions/A/Frameworks/vecLib.framework/Versions/A/libLinearAlgebra.dylib
0x0000000002333000 	/System/Library/Frameworks/Accelerate.framework/Versions/A/Frameworks/vecLib.framework/Versions/A/libSparseBLAS.dylib
0x0000000002333000 	/System/Library/Frameworks/Accelerate.framework/Versions/A/Frameworks/vecLib.framework/Versions/A/libQuadrature.dylib
0x0000000002333000 	/System/Library/Frameworks/Accelerate.framework/Versions/A/Frameworks/vecLib.framework/Versions/A/libBNNS.dylib
0x0000000002333000 	/System/Library/Frameworks/Accelerate.framework/Versions/A/Frameworks/vecLib.framework/Versions/A/libSparse.dylib
0x0000000002333000 	/System/Library/PrivateFrameworks/GPUWrangler.framework/Versions/A/GPUWrangler
0x0000000002333000 	/System/Library/PrivateFrameworks/IOAccelerator.framework/Versions/A/IOAccelerator
0x0000000002333000 	/System/Library/PrivateFrameworks/IOPresentment.framework/Versions/A/IOPresentment
0x0000000002333000 	/System/Library/PrivateFrameworks/DSExternalDisplay.framework/Versions/A/DSExternalDisplay
0x0000000002333000 	/System/Library/Frameworks/OpenGL.framework/Versions/A/Libraries/libCoreFSCache.dylib
0x0000000002333000 	/System/Library/Frameworks/MetalPerformanceShaders.framework/Frameworks/MPSCore.framework/Versions/A/MPSCore
0x0000000002333000 	/System/Library/Frameworks/MetalPerformanceShaders.framework/Frameworks/MPSImage.framework/Versions/A/MPSImage
0x0000000002333000 	/System/Library/Frameworks/MetalPerformanceShaders.framework/Frameworks/MPSNeuralNetwork.framework/Versions/A/MPSNeuralNetwork
0x0000000002333000 	/System/Library/Frameworks/MetalPerformanceShaders.framework/Frameworks/MPSMatrix.framework/Versions/A/MPSMatrix
0x0000000002333000 	/System/Library/Frameworks/MetalPerformanceShaders.framework/Frameworks/MPSRayIntersector.framework/Versions/A/MPSRayIntersector
0x0000000002333000 	/System/Library/PrivateFrameworks/MetalTools.framework/Versions/A/MetalTools
0x0000000002333000 	/System/Library/PrivateFrameworks/AggregateDictionary.framework/Versions/A/AggregateDictionary
0x0000000002333000 	/usr/lib/libMobileGestalt.dylib
0x0000000002333000 	/System/Library/Frameworks/CoreVideo.framework/Versions/A/CoreVideo
0x0000000002333000 	/System/Library/PrivateFrameworks/GraphVisualizer.framework/Versions/A/GraphVisualizer
0x0000000002333000 	/System/Library/PrivateFrameworks/FaceCore.framework/Versions/A/FaceCore
0x0000000002333000 	/System/Library/Frameworks/OpenCL.framework/Versions/A/OpenCL
0x0000000002333000 	/usr/lib/libFosl_dynamic.dylib
0x0000000002333000 	/System/Library/PrivateFrameworks/OTSVG.framework/Versions/A/OTSVG
0x0000000002333000 	/System/Library/Frameworks/ApplicationServices.framework/Versions/A/Frameworks/ATS.framework/Versions/A/Resources/libFontParser.dylib
0x0000000002333000 	/System/Library/Frameworks/ApplicationServices.framework/Versions/A/Frameworks/ATS.framework/Versions/A/Resources/libFontRegistry.dylib
0x0000000002333000 	/System/Library/Frameworks/ImageIO.framework/Versions/A/Resources/libJPEG.dylib
0x0000000002333000 	/System/Library/Frameworks/ImageIO.framework/Versions/A/Resources/libTIFF.dylib
0x0000000002333000 	/System/Library/Frameworks/ImageIO.framework/Versions/A/Resources/libPng.dylib
0x0000000002333000 	/System/Library/Frameworks/ImageIO.framework/Versions/A/Resources/libGIF.dylib
0x0000000002333000 	/System/Library/Frameworks/ImageIO.framework/Versions/A/Resources/libJP2.dylib
0x0000000002333000 	/System/Library/Frameworks/ImageIO.framework/Versions/A/Resources/libRadiance.dylib
0x0000000002333000 	/System/Library/PrivateFrameworks/AppleJPEG.framework/Versions/A/AppleJPEG
0x0000000002333000 	/System/Library/Frameworks/OpenGL.framework/Versions/A/Libraries/libGFXShared.dylib
0x0000000002333000 	/System/Library/Frameworks/OpenGL.framework/Versions/A/Libraries/libGLU.dylib
0x0000000002333000 	/System/Library/Frameworks/OpenGL.framework/Versions/A/Libraries/libGL.dylib
0x0000000002333000 	/System/Library/Frameworks/OpenGL.framework/Versions/A/Libraries/libGLImage.dylib
0x0000000002333000 	/System/Library/Frameworks/OpenGL.framework/Versions/A/Libraries/libCVMSPluginSupport.dylib
0x0000000002333000 	/System/Library/Frameworks/OpenGL.framework/Versions/A/Libraries/libCoreVMClient.dylib
0x0000000002333000 	/usr/lib/libcups.2.dylib
0x0000000002333000 	/System/Library/Frameworks/Kerberos.framework/Versions/A/Kerberos
0x0000000002333000 	/System/Library/Frameworks/GSS.framework/Versions/A/GSS
0x0000000002333000 	/usr/lib/libresolv.9.dylib
0x0000000002333000 	/usr/lib/libiconv.2.dylib
0x0000000002333000 	/System/Library/PrivateFrameworks/Heimdal.framework/Versions/A/Heimdal
0x0000000002333000 	/usr/lib/libheimdal-asn1.dylib
0x0000000002333000 	/System/Library/Frameworks/OpenDirectory.framework/Versions/A/OpenDirectory
0x0000000002333000 	/System/Library/PrivateFrameworks/CommonAuth.framework/Versions/A/CommonAuth
0x0000000002333000 	/System/Library/Frameworks/OpenDirectory.framework/Versions/A/Frameworks/CFOpenDirectory.framework/Versions/A/CFOpenDirectory
0x0000000002333000 	/System/Library/Frameworks/SecurityFoundation.framework/Versions/A/SecurityFoundation
0x0000000002333000 	/System/Library/PrivateFrameworks/APFS.framework/Versions/A/APFS
0x0000000002333000 	/usr/lib/libutil.dylib
0x0000000002333000 	/usr/lib/libcharset.1.dylib
0x0000000002333000 	/System/Library/PrivateFrameworks/AppleSauce.framework/Versions/A/AppleSauce
0x0000000002333000 	/System/Library/PrivateFrameworks/AssertionServices.framework/Versions/A/AssertionServices
0x0000000002333000 	/System/Library/PrivateFrameworks/BaseBoard.framework/Versions/A/BaseBoard
0x0000000002333000 	/usr/lib/libmecab.1.0.0.dylib
0x0000000002333000 	/usr/lib/libgermantok.dylib
0x0000000002333000 	/usr/lib/libThaiTokenizer.dylib
0x0000000002333000 	/usr/lib/libChineseTokenizer.dylib
0x0000000002333000 	/System/Library/PrivateFrameworks/LanguageModeling.framework/Versions/A/LanguageModeling
0x0000000002333000 	/System/Library/PrivateFrameworks/CoreEmoji.framework/Versions/A/CoreEmoji
0x0000000002333000 	/System/Library/PrivateFrameworks/Lexicon.framework/Versions/A/Lexicon
0x0000000002333000 	/System/Library/PrivateFrameworks/LinguisticData.framework/Versions/A/LinguisticData
0x0000000002333000 	/usr/lib/libcmph.dylib
0x0000000002333000 	/System/Library/Frameworks/ServiceManagement.framework/Versions/A/ServiceManagement
0x0000000002333000 	/System/Library/PrivateFrameworks/BackgroundTaskManagement.framework/Versions/A/BackgroundTaskManagement
0x0000000002333000 	/usr/lib/libxslt.1.dylib
0x0000000002333000 	/System/Library/Frameworks/Carbon.framework/Versions/A/Frameworks/Ink.framework/Versions/A/Ink
0x0000000002333000 	/System/Library/PrivateFrameworks/TextureIO.framework/Versions/A/TextureIO
0x0000000002333000 	/usr/lib/libate.dylib
0x0000000002333000 	/System/Library/PrivateFrameworks/CrashReporterSupport.framework/Versions/A/CrashReporterSupport
0x0000000002333000 	/System/Library/PrivateFrameworks/Sharing.framework/Versions/A/Sharing
0x0000000002333000 	/System/Library/PrivateFrameworks/AuthKit.framework/Versions/A/AuthKit
0x0000000002333000 	/System/Library/PrivateFrameworks/Apple80211.framework/Versions/A/Apple80211
0x0000000002333000 	/System/Library/PrivateFrameworks/CoreUtils.framework/Versions/A/CoreUtils
0x0000000002333000 	/System/Library/Frameworks/CoreWLAN.framework/Versions/A/CoreWLAN
0x0000000002333000 	/System/Library/Frameworks/IOBluetooth.framework/Versions/A/IOBluetooth
0x0000000002333000 	/System/Library/PrivateFrameworks/ProtocolBuffer.framework/Versions/A/ProtocolBuffer
0x0000000002333000 	/System/Library/PrivateFrameworks/MobileKeyBag.framework/Versions/A/MobileKeyBag
0x0000000002333000 	/System/Library/PrivateFrameworks/CorePhoneNumbers.framework/Versions/A/CorePhoneNumbers
0x0000000002333000 	/System/Library/PrivateFrameworks/AppleIDAuthSupport.framework/Versions/A/AppleIDAuthSupport
0x0000000002333000 	/System/Library/PrivateFrameworks/KeychainCircle.framework/Versions/A/KeychainCircle
0x0000000002333000 	/System/Library/PrivateFrameworks/ROCKit.framework/Versions/A/ROCKit
0x0000000002333000 	/System/Library/PrivateFrameworks/CoreWiFi.framework/Versions/A/CoreWiFi
0x0000000002333000 	/System/Library/Frameworks/CoreBluetooth.framework/Versions/A/CoreBluetooth
0x0000000002333000 	/System/Library/PrivateFrameworks/DebugSymbols.framework/Versions/A/DebugSymbols
0x0000000002333000 	/System/Library/PrivateFrameworks/CoreSymbolication.framework/Versions/A/CoreSymbolication
0x0000000002333000 	/System/Library/PrivateFrameworks/Symbolication.framework/Versions/A/Symbolication
0x0000000002333000 	/System/Library/PrivateFrameworks/SpeechRecognitionCore.framework/Versions/A/SpeechRecognitionCore
0x0000000107415000 	/Library/Java/JavaVirtualMachines/jdk1.8.0_151.jdk/Contents/Home/jre/lib/server/libjvm.dylib
0x0000000002333000 	/usr/lib/libstdc++.6.dylib
0x00000001067f0000 	/Library/Java/JavaVirtualMachines/jdk1.8.0_151.jdk/Contents/Home/jre/lib/libverify.dylib
0x0000000107000000 	/Library/Java/JavaVirtualMachines/jdk1.8.0_151.jdk/Contents/Home/jre/lib/libjava.dylib
0x0000000107035000 	/Library/Java/JavaVirtualMachines/jdk1.8.0_151.jdk/Contents/Home/jre/lib/libjdwp.dylib
0x0000000107080000 	/Library/Java/JavaVirtualMachines/jdk1.8.0_151.jdk/Contents/Home/jre/lib/libnpt.dylib
0x00000001070cc000 	/Library/Java/JavaVirtualMachines/jdk1.8.0_151.jdk/Contents/Home/jre/lib/libzip.dylib
0x0000000002333000 	/System/Library/Frameworks/JavaVM.framework/Versions/A/Frameworks/JavaRuntimeSupport.framework/Versions/A/JavaRuntimeSupport
0x0000000002333000 	/System/Library/Frameworks/JavaVM.framework/Versions/A/Frameworks/JavaNativeFoundation.framework/Versions/A/JavaNativeFoundation
0x0000000002333000 	/System/Library/Frameworks/JavaVM.framework/Versions/A/JavaVM
0x0000000002333000 	/System/Library/Frameworks/Carbon.framework/Versions/A/Carbon
0x0000000002333000 	/System/Library/PrivateFrameworks/JavaLaunching.framework/Versions/A/JavaLaunching
0x0000000002333000 	/System/Library/Frameworks/Carbon.framework/Versions/A/Frameworks/CommonPanels.framework/Versions/A/CommonPanels
0x0000000002333000 	/System/Library/Frameworks/Carbon.framework/Versions/A/Frameworks/Help.framework/Versions/A/Help
0x0000000002333000 	/System/Library/Frameworks/Carbon.framework/Versions/A/Frameworks/ImageCapture.framework/Versions/A/ImageCapture
0x0000000002333000 	/System/Library/Frameworks/Carbon.framework/Versions/A/Frameworks/OpenScripting.framework/Versions/A/OpenScripting
0x0000000002333000 	/System/Library/Frameworks/Carbon.framework/Versions/A/Frameworks/Print.framework/Versions/A/Print
0x0000000002333000 	/System/Library/Frameworks/Carbon.framework/Versions/A/Frameworks/SecurityHI.framework/Versions/A/SecurityHI
0x00000001072f6000 	/Library/Java/JavaVirtualMachines/jdk1.8.0_151.jdk/Contents/Home/jre/lib/libdt_socket.dylib
0x00000001072fd000 	/Library/Java/JavaVirtualMachines/jdk1.8.0_151.jdk/Contents/Home/jre/lib/libmanagement.dylib
0x000000010730b000 	/Library/Java/JavaVirtualMachines/jdk1.8.0_151.jdk/Contents/Home/jre/lib/libnet.dylib
0x0000000107322000 	/Library/Java/JavaVirtualMachines/jdk1.8.0_151.jdk/Contents/Home/jre/lib/libnio.dylib
0x0000000120c2f000 	/Library/Java/JavaVirtualMachines/jdk1.8.0_151.jdk/Contents/Home/jre/lib/libsunec.dylib

VM Arguments:
jvm_args: -agentlib:jdwp=transport=dt_socket,suspend=y,address=localhost:65128 -Dcom.sun.management.jmxremote -Dcom.sun.management.jmxremote.port=65127 -Dcom.sun.management.jmxremote.authenticate=false -Dcom.sun.management.jmxremote.ssl=false -Djava.rmi.server.hostname=localhost -Dspring.liveBeansView.mbeanDomain -Dspring.application.admin.enabled=true -Djava.security.egd=file:/dev/./urandom -Xverify:none -XX:TieredStopAtLevel=1 -Dfile.encoding=UTF-8 
java_command: com.myRetail.MyRetailApplication
java_class_path (initial): /Library/Java/JavaVirtualMachines/jdk1.8.0_151.jdk/Contents/Home/jre/lib/resources.jar:/Library/Java/JavaVirtualMachines/jdk1.8.0_151.jdk/Contents/Home/jre/lib/rt.jar:/Library/Java/JavaVirtualMachines/jdk1.8.0_151.jdk/Contents/Home/jre/lib/jsse.jar:/Library/Java/JavaVirtualMachines/jdk1.8.0_151.jdk/Contents/Home/jre/lib/jce.jar:/Library/Java/JavaVirtualMachines/jdk1.8.0_151.jdk/Contents/Home/jre/lib/charsets.jar:/Library/Java/JavaVirtualMachines/jdk1.8.0_151.jdk/Contents/Home/jre/lib/jfr.jar:/Library/Java/JavaVirtualMachines/jdk1.8.0_151.jdk/Contents/Home/jre/lib/ext/sunec.jar:/Library/Java/JavaVirtualMachines/jdk1.8.0_151.jdk/Contents/Home/jre/lib/ext/nashorn.jar:/Library/Java/JavaVirtualMachines/jdk1.8.0_151.jdk/Contents/Home/jre/lib/ext/cldrdata.jar:/Library/Java/JavaVirtualMachines/jdk1.8.0_151.jdk/Contents/Home/jre/lib/ext/jfxrt.jar:/Library/Java/JavaVirtualMachines/jdk1.8.0_151.jdk/Contents/Home/jre/lib/ext/dnsns.jar:/Library/Java/JavaVirtualMachines/jdk1.8.0_151.jdk/Contents/Home/jre/lib/ext/localedata.jar:/Library/Java/JavaVirtualMachines/jdk1.8.0_151.jdk/Contents/Home/jre/lib/ext/sunjce_provider.jar:/Library/Java/JavaVirtualMachines/jdk1.8.0_151.jdk/Contents/Home/jre/lib/ext/sunpkcs11.jar:/Library/Java/JavaVirtualMachines/jdk1.8.0_151.jdk/Contents/Home/jre/lib/ext/jaccess.jar:/Library/Java/JavaVirtualMachines/jdk1.8.0_151.jdk/Contents/Home/jre/lib/ext/zipfs.jar:/System/Library/Java/Extensions/MRJToolkit.jar:/Users/anuragmysari/eclipse-workspace/myRetail/target/classes:/Users/anuragmysari/.m2/repository/org/springframework/boot/spring-boot-starter-web/2.1.0.RELEASE/spring-boot-starter-web-2.1.0.RELEASE.jar:/Users/anuragmysari/.m2/repository/org/springframework/boot/spring-boot-starter/2.1.0.RELEASE/spring-boot-starter-2.1.0.RELEASE.jar:/Users/anuragmysari/.m2/repository/org/springframework/boot/spring-boot/2.1.0.RELEASE/spring-boot-2.1.0.RELEASE.jar:/Users/anuragmysari/.m2/repository/org/springframework/boot/spring-boot-autoconfi
Launcher Type: SUN_STANDARD

Environment Variables:
PATH=/usr/bin:/bin:/usr/sbin:/sbin
SHELL=/bin/bash

Signal Handlers:
SIGSEGV: [libjvm.dylib+0x5b27a5], sa_mask[0]=11111111011111110111111111111111, sa_flags=SA_ONSTACK|SA_RESTART|SA_SIGINFO
SIGBUS: [libjvm.dylib+0x5b27a5], sa_mask[0]=11111111011111110111111111111111, sa_flags=SA_RESTART|SA_SIGINFO
SIGFPE: [libjvm.dylib+0x4891c4], sa_mask[0]=11111111011111110111111111111111, sa_flags=SA_RESTART|SA_SIGINFO
SIGPIPE: [libjvm.dylib+0x4891c4], sa_mask[0]=11111111011111110111111111111111, sa_flags=SA_RESTART|SA_SIGINFO
SIGXFSZ: [libjvm.dylib+0x4891c4], sa_mask[0]=11111111011111110111111111111111, sa_flags=SA_RESTART|SA_SIGINFO
SIGILL: [libjvm.dylib+0x4891c4], sa_mask[0]=11111111011111110111111111111111, sa_flags=SA_RESTART|SA_SIGINFO
SIGUSR1: SIG_DFL, sa_mask[0]=00000000000000000000000000000000, sa_flags=none
SIGUSR2: [libjvm.dylib+0x488ce2], sa_mask[0]=00100000000000000000000000000000, sa_flags=SA_RESTART|SA_SIGINFO
SIGHUP: [libjvm.dylib+0x4872b9], sa_mask[0]=11111111011111110111111111111111, sa_flags=SA_RESTART|SA_SIGINFO
SIGINT: [libjvm.dylib+0x4872b9], sa_mask[0]=11111111011111110111111111111111, sa_flags=SA_RESTART|SA_SIGINFO
SIGTERM: [libjvm.dylib+0x4872b9], sa_mask[0]=11111111011111110111111111111111, sa_flags=SA_RESTART|SA_SIGINFO
SIGQUIT: [libjvm.dylib+0x4872b9], sa_mask[0]=11111111011111110111111111111111, sa_flags=SA_RESTART|SA_SIGINFO


---------------  S Y S T E M  ---------------

OS:Bsduname:Darwin 18.2.0 Darwin Kernel Version 18.2.0: Mon Nov 12 20:24:46 PST 2018; root:xnu-4903.231.4~2/RELEASE_X86_64 x86_64
rlimit: STACK 8192k, CORE 0k, NPROC 709, NOFILE 10240, AS infinity
load average:2.26 2.39 2.49

CPU:total 4 (initial active 4) (2 cores per cpu, 2 threads per core) family 6 model 78 stepping 3, cmov, cx8, fxsr, mmx, sse, sse2, sse3, ssse3, sse4.1, sse4.2, popcnt, avx, avx2, aes, clmul, erms, 3dnowpref, lzcnt, ht, tsc, tscinvbit, bmi1, bmi2, adx

Memory: 4k page, physical 8388608k(19520k free)

/proc/meminfo:


vm_info: Java HotSpot(TM) 64-Bit Server VM (25.151-b12) for bsd-amd64 JRE (1.8.0_151-b12), built on Sep  5 2017 19:37:08 by "java_re" with gcc 4.2.1 (Based on Apple Inc. build 5658) (LLVM build 2336.11.00)

time: Sun Dec 16 15:50:47 2018
elapsed time: 387 seconds (0d 0h 6m 27s)

